
Bookモデルのテスト
  バリデーションのテスト
    titleカラム
[32m      空欄でないこと[0m
    bodyカラム
[32m      空欄でないこと[0m
[32m      200文字以下であること: 200文字は〇[0m
[31m      200文字以下であること: 201文字は× (FAILED - 1)[0m
  アソシエーションのテスト
    Userモデルとの関係
[32m      N:1となっている[0m

Userモデルのテスト
  バリデーションのテスト
    nameカラム
[32m      空欄でないこと[0m
[31m      2文字以上であること: 1文字は× (FAILED - 2)[0m
[32m      2文字以上であること: 2文字は〇[0m
[32m      20文字以下であること: 20文字は〇[0m
[31m      20文字以下であること: 21文字は× (FAILED - 3)[0m
[31m      一意性があること (FAILED - 4)[0m
    introductionカラム
[32m      50文字以下であること: 50文字は〇[0m
[31m      50文字以下であること: 51文字は× (FAILED - 5)[0m
  アソシエーションのテスト
    Bookモデルとの関係
[32m      1:Nとなっている[0m

[STEP1] ユーザログイン前のテスト
  トップ画面のテスト
    表示内容の確認
[32m      URLが正しい[0m
[32m      Log inリンクが表示される: 青色のボタンの表示が「Log in」である[0m
[32m      Log inリンクの内容が正しい[0m
[32m      Sign upリンクが表示される: 緑色のボタンの表示が「Sign up」である[0m
[32m      Sign upリンクの内容が正しい[0m
  アバウト画面のテスト
    表示内容の確認
[31m      URLが正しい (FAILED - 6)[0m
  ヘッダーのテスト: ログインしていない場合
    表示内容の確認
[32m      Bookersリンクが表示される: 左上から1番目のリンクが「Bookers」である[0m
[32m      Homeリンクが表示される: 左上から2番目のリンクが「Home」である[0m
[32m      Aboutリンクが表示される: 左上から3番目のリンクが「About」である[0m
[32m      Sign upリンクが表示される: 左上から4番目のリンクが「Sign up」である[0m
[32m      Log inリンクが表示される: 左上から5番目のリンクが「Log in」である[0m
    リンクの内容を確認
[32m      Bookersを押すと、トップ画面に遷移する[0m
[32m      Homeを押すと、トップ画面に遷移する[0m
[31m      Aboutを押すと、アバウト画面に遷移する (FAILED - 7)[0m
[32m      Sign upを押すと、新規登録画面に遷移する[0m
[32m      Log inを押すと、ログイン画面に遷移する[0m
  ユーザ新規登録のテスト
    表示内容の確認
[32m      URLが正しい[0m
[32m      「Sign up」と表示される[0m
[32m      nameフォームが表示される[0m
[32m      emailフォームが表示される[0m
[32m      passwordフォームが表示される[0m
[32m      password_confirmationフォームが表示される[0m
[32m      Sign upボタンが表示される[0m
    新規登録成功のテスト
[32m      正しく新規登録される[0m
[32m      新規登録後のリダイレクト先が、新規登録できたユーザの詳細画面になっている[0m
  ユーザログイン
    表示内容の確認
[32m      URLが正しい[0m
[32m      「Log in」と表示される[0m
[32m      nameフォームが表示される[0m
[32m      passwordフォームが表示される[0m
[32m      Log inボタンが表示される[0m
[32m      emailフォームは表示されない[0m
    ログイン成功のテスト
[32m      ログイン後のリダイレクト先が、ログインしたユーザの詳細画面になっている[0m
    ログイン失敗のテスト
[32m      ログインに失敗し、ログイン画面にリダイレクトされる[0m
  ヘッダーのテスト: ログインしている場合
    ヘッダーの表示を確認
[32m      Bookersリンクが表示される: 左上から1番目のリンクが「Bookers」である[0m
[32m      Homeリンクが表示される: 左上から2番目のリンクが「Home」である[0m
[32m      Usersリンクが表示される: 左上から3番目のリンクが「Users」である[0m
[32m      Booksリンクが表示される: 左上から4番目のリンクが「Books」である[0m
[32m      Log outリンクが表示される: 左上から5番目のリンクが「Log out」である[0m
  ユーザログアウトのテスト
    ログアウト機能のテスト
[32m      正しくログアウトできている: ログアウト後のリダイレクト先においてAbout画面へのリンクが存在する[0m
[32m      ログアウト後のリダイレクト先が、トップになっている[0m

[STEP2] ユーザログイン後のテスト
  ヘッダーのテスト: ログインしている場合
    リンクの内容を確認: ※logoutは『ユーザログアウトのテスト』でテスト済みになります。
[31m      Homeを押すと、自分のユーザ詳細画面に遷移する (FAILED - 8)[0m
[32m      Usersを押すと、ユーザ一覧画面に遷移する[0m
[32m      Booksを押すと、投稿一覧画面に遷移する[0m
  投稿一覧画面のテスト
    表示内容の確認
[32m      URLが正しい[0m
[32m      自分と他人の画像のリンク先が正しい[0m
[32m      自分の投稿と他人の投稿のタイトルのリンク先がそれぞれ正しい[0m
[32m      自分の投稿と他人の投稿のオピニオンが表示される[0m
    サイドバーの確認
[32m      自分の名前と紹介文が表示される[0m
[32m      自分のユーザ編集画面へのリンクが存在する[0m
[32m      「New book」と表示される[0m
[32m      titleフォームが表示される[0m
[32m      titleフォームに値が入っていない[0m
[32m      bodyフォームが表示される[0m
[32m      bodyフォームに値が入っていない[0m
[32m      Create Bookボタンが表示される[0m
    投稿成功のテスト
[32m      自分の新しい投稿が正しく保存される[0m
[32m      リダイレクト先が、保存できた投稿の詳細画面になっている[0m
  自分の投稿詳細画面のテスト
    表示内容の確認
[32m      URLが正しい[0m
[32m      「Book detail」と表示される[0m
[32m      ユーザ画像・名前のリンク先が正しい[0m
[32m      投稿のtitleが表示される[0m
[32m      投稿のbodyが表示される[0m
[32m      投稿の編集リンクが表示される[0m
[32m      投稿の削除リンクが表示される[0m
    サイドバーの確認
[32m      自分の名前と紹介文が表示される[0m
[32m      自分のユーザ編集画面へのリンクが存在する[0m
[32m      「New book」と表示される[0m
[32m      titleフォームが表示される[0m
[32m      titleフォームに値が入っていない[0m
[32m      bodyフォームが表示される[0m
[31m      bodyフォームに値が入っていない (FAILED - 9)[0m
[32m      Create Bookボタンが表示される[0m
    投稿成功のテスト
[31m      自分の新しい投稿が正しく保存される (FAILED - 10)[0m
    編集リンクのテスト
[32m      編集画面に遷移する[0m
    削除リンクのテスト
[32m      application.html.erbにjavascript_pack_tagを含んでいる[0m
[32m      正しく削除される[0m
[32m      リダイレクト先が、投稿一覧画面になっている[0m
  自分の投稿編集画面のテスト
    表示の確認
[32m      URLが正しい[0m
[32m      「Editing Book」と表示される[0m
[32m      title編集フォームが表示される[0m
[32m      body編集フォームが表示される[0m
[32m      Update Bookボタンが表示される[0m
[32m      Showリンクが表示される[0m
[32m      Backリンクが表示される[0m
    編集成功のテスト
[32m      titleが正しく更新される[0m
[32m      bodyが正しく更新される[0m
[32m      リダイレクト先が、更新した投稿の詳細画面になっている[0m
  ユーザ一覧画面のテスト
    表示内容の確認
[32m      URLが正しい[0m
[32m      自分と他人の画像が表示される: fallbackの画像がサイドバーの1つ＋一覧(2人)の2つの計3つ存在する[0m
[32m      自分と他人の名前がそれぞれ表示される[0m
[32m      自分と他人のshowリンクがそれぞれ表示される[0m
    サイドバーの確認
[32m      自分の名前と紹介文が表示される[0m
[32m      自分のユーザ編集画面へのリンクが存在する[0m
[32m      「New book」と表示される[0m
[32m      titleフォームが表示される[0m
[32m      titleフォームに値が入っていない[0m
[32m      bodyフォームが表示される[0m
[32m      bodyフォームに値が入っていない[0m
[32m      Create Bookボタンが表示される[0m
  自分のユーザ詳細画面のテスト
    表示の確認
[32m      URLが正しい[0m
[31m      投稿一覧のユーザ画像のリンク先が正しい (FAILED - 11)[0m
[32m      投稿一覧に自分の投稿のtitleが表示され、リンクが正しい[0m
[32m      投稿一覧に自分の投稿のbodyが表示される[0m
[32m      他人の投稿は表示されない[0m
    サイドバーの確認
[32m      自分の名前と紹介文が表示される[0m
[32m      自分のユーザ編集画面へのリンクが存在する[0m
[32m      「New book」と表示される[0m
[32m      titleフォームが表示される[0m
[32m      titleフォームに値が入っていない[0m
[32m      bodyフォームが表示される[0m
[32m      bodyフォームに値が入っていない[0m
[32m      Create Bookボタンが表示される[0m
  自分のユーザ情報編集画面のテスト
    表示の確認
[32m      URLが正しい[0m
[32m      名前編集フォームに自分の名前が表示される[0m
[32m      画像編集フォームが表示される[0m
[32m      自己紹介編集フォームに自分の自己紹介文が表示される[0m
[32m      Update Userボタンが表示される[0m
    更新成功のテスト
[32m      nameが正しく更新される[0m
[32m      introductionが正しく更新される[0m
[32m      リダイレクト先が、自分のユーザ詳細画面になっている[0m

[STEP3] 仕上げのテスト
  サクセスメッセージのテスト
[32m    ユーザ新規登録成功時[0m
[32m    ユーザログイン成功時[0m
[32m    ユーザログアウト成功時[0m
[32m    ユーザのプロフィール情報更新成功時[0m
[32m    投稿データの新規投稿成功時: 投稿一覧画面から行います。[0m
[32m    投稿データの更新成功時[0m
  処理失敗時のテスト
    ユーザ新規登録失敗: nameを1文字にする
[31m      新規登録されない (FAILED - 12)[0m
[31m      新規登録画面を表示しており、フォームの内容が正しい (FAILED - 13)[0m
[31m      バリデーションエラーが表示される (FAILED - 14)[0m
    ユーザのプロフィール情報編集失敗: nameを1文字にする
[31m      更新されない (FAILED - 15)[0m
[31m      ユーザ編集画面を表示しており、フォームの内容が正しい (FAILED - 16)[0m
[31m      バリデーションエラーが表示される (FAILED - 17)[0m
    投稿データの新規投稿失敗: 投稿一覧画面から行い、titleを空にする
[32m      投稿が保存されない[0m
[32m      投稿一覧画面を表示している[0m
[32m      新規投稿フォームの内容が正しい[0m
[32m      バリデーションエラーが表示される[0m
    投稿データの更新失敗: titleを空にする
[32m      投稿が更新されない[0m
[32m      投稿編集画面を表示しており、フォームの内容が正しい[0m
[32m      エラーメッセージが表示される[0m
  ログインしていない場合のアクセス制限のテスト: アクセスできず、ログイン画面に遷移する
[32m    ユーザ一覧画面[0m
[32m    ユーザ詳細画面[0m
[32m    ユーザ情報編集画面[0m
[32m    投稿一覧画面[0m
[32m    投稿詳細画面[0m
[32m    投稿編集画面[0m
  他人の画面のテスト
    他人の投稿詳細画面のテスト
      表示内容の確認
[32m        URLが正しい[0m
[32m        「Book detail」と表示される[0m
[32m        ユーザ画像・名前のリンク先が正しい[0m
[32m        投稿のtitleが表示される[0m
[32m        投稿のopinionが表示される[0m
[32m        投稿の編集リンクが表示されない[0m
[32m        投稿の削除リンクが表示されない[0m
      サイドバーの確認
[31m        他人の名前と紹介文が表示される (FAILED - 18)[0m
[31m        他人のユーザ編集画面へのリンクが存在する (FAILED - 19)[0m
[31m        自分の名前と紹介文は表示されない (FAILED - 20)[0m
[31m        自分のユーザ編集画面へのリンクは存在しない (FAILED - 21)[0m
    他人の投稿編集画面
[32m      遷移できず、投稿一覧画面にリダイレクトされる[0m
    他人のユーザ詳細画面のテスト
      表示の確認
[32m        URLが正しい[0m
[31m        投稿一覧のユーザ画像のリンク先が正しい (FAILED - 22)[0m
[32m        投稿一覧に他人の投稿のtitleが表示され、リンクが正しい[0m
[32m        投稿一覧に他人の投稿のopinionが表示される[0m
[32m        自分の投稿は表示されない[0m
      サイドバーの確認
[31m        他人の名前と紹介文が表示される (FAILED - 23)[0m
[32m        他人のユーザ編集画面へのリンクが存在する[0m
[31m        自分の名前と紹介文は表示されない (FAILED - 24)[0m
[32m        自分のユーザ編集画面へのリンクは存在しない[0m
    他人のユーザ情報編集画面
[32m      遷移できず、自分のユーザ詳細画面にリダイレクトされる[0m
  グリッドシステムのテスト: container, row, col-md-〇を正しく使えている
[32m    ユーザ一覧画面[0m
[32m    ユーザ詳細画面[0m
[32m    投稿一覧画面[0m
[32m    投稿詳細画面[0m
  アイコンのテスト
    トップ画面
[31m      本のアイコンが表示される (FAILED - 25)[0m
    アバウト画面
[31m      本のアイコンが表示される (FAILED - 26)[0m
    ヘッダー: ログインしていない場合
[32m      Homeリンクのアイコンが表示される[0m
[32m      Aboutリンクのアイコンが表示される[0m
[32m      Sign upリンクのアイコンが表示される[0m
[32m      Log inリンクのアイコンが表示される[0m
    ヘッダー: ログインしている場合
[32m      Homeリンクのアイコンが表示される[0m
[32m      Usersリンクのアイコンが表示される[0m
[32m      Booksリンクのアイコンが表示される[0m
[32m      Log outリンクのアイコンが表示される[0m
    サイドバー
[32m      ユーザ一覧画面でレンチアイコンが表示される[0m
[32m      ユーザ詳細画面でレンチアイコンが表示される[0m
[32m      投稿一覧画面でレンチアイコンが表示される[0m
[32m      投稿詳細画面でレンチアイコンが表示される[0m

Failures:

  1) Bookモデルのテスト バリデーションのテスト bodyカラム 200文字以下であること: 201文字は×
     [31mFailure/Error: is_expected.to eq false[0m
     [31m[0m
     [31m  expected: false[0m
     [31m       got: true[0m
     [31m[0m
     [31m  (compared using ==)[0m
     [31m[0m
     [31m  Diff:[0m[0m
     [31m  [0m[34m@@ -1 +1 @@[0m
     [31m  [0m[31m-false[0m
     [31m  [0m[32m+true[0m
     [31m  [0m[0m
     [36m# ./spec/models/book_spec.rb:28:in `block (4 levels) in <top (required)>'[0m

  2) Userモデルのテスト バリデーションのテスト nameカラム 2文字以上であること: 1文字は×
     [31mFailure/Error: is_expected.to eq false[0m
     [31m[0m
     [31m  expected: false[0m
     [31m       got: true[0m
     [31m[0m
     [31m  (compared using ==)[0m
     [31m[0m
     [31m  Diff:[0m[0m
     [31m  [0m[34m@@ -1 +1 @@[0m
     [31m  [0m[31m-false[0m
     [31m  [0m[32m+true[0m
     [31m  [0m[0m
     [36m# ./spec/models/user_spec.rb:17:in `block (4 levels) in <main>'[0m

  3) Userモデルのテスト バリデーションのテスト nameカラム 20文字以下であること: 21文字は×
     [31mFailure/Error: is_expected.to eq false[0m
     [31m[0m
     [31m  expected: false[0m
     [31m       got: true[0m
     [31m[0m
     [31m  (compared using ==)[0m
     [31m[0m
     [31m  Diff:[0m[0m
     [31m  [0m[34m@@ -1 +1 @@[0m
     [31m  [0m[31m-false[0m
     [31m  [0m[32m+true[0m
     [31m  [0m[0m
     [36m# ./spec/models/user_spec.rb:29:in `block (4 levels) in <main>'[0m

  4) Userモデルのテスト バリデーションのテスト nameカラム 一意性があること
     [31mFailure/Error: is_expected.to eq false[0m
     [31m[0m
     [31m  expected: false[0m
     [31m       got: true[0m
     [31m[0m
     [31m  (compared using ==)[0m
     [31m[0m
     [31m  Diff:[0m[0m
     [31m  [0m[34m@@ -1 +1 @@[0m
     [31m  [0m[31m-false[0m
     [31m  [0m[32m+true[0m
     [31m  [0m[0m
     [36m# ./spec/models/user_spec.rb:33:in `block (4 levels) in <main>'[0m

  5) Userモデルのテスト バリデーションのテスト introductionカラム 50文字以下であること: 51文字は×
     [31mFailure/Error: is_expected.to eq false[0m
     [31m[0m
     [31m  expected: false[0m
     [31m       got: true[0m
     [31m[0m
     [31m  (compared using ==)[0m
     [31m[0m
     [31m  Diff:[0m[0m
     [31m  [0m[34m@@ -1 +1 @@[0m
     [31m  [0m[31m-false[0m
     [31m  [0m[32m+true[0m
     [31m  [0m[0m
     [36m# ./spec/models/user_spec.rb:44:in `block (4 levels) in <main>'[0m

  6) [STEP1] ユーザログイン前のテスト アバウト画面のテスト 表示内容の確認 URLが正しい
     [31mFailure/Error: expect(current_path).to eq '/home/about'[0m
     [31m[0m
     [31m  expected: "/home/about"[0m
     [31m       got: "/users/sign_in"[0m
     [31m[0m
     [31m  (compared using ==)[0m
     [36m# ./spec/system/01_before_login_spec.rb:39:in `block (4 levels) in <main>'[0m

  7) [STEP1] ユーザログイン前のテスト ヘッダーのテスト: ログインしていない場合 リンクの内容を確認 Aboutを押すと、アバウト画面に遷移する
     [31mFailure/Error: is_expected.to eq '/home/about'[0m
     [31m[0m
     [31m  expected: "/home/about"[0m
     [31m       got: "/users/sign_in"[0m
     [31m[0m
     [31m  (compared using ==)[0m
     [36m# ./spec/system/01_before_login_spec.rb:93:in `block (4 levels) in <main>'[0m

  8) [STEP2] ユーザログイン後のテスト ヘッダーのテスト: ログインしている場合 リンクの内容を確認: ※logoutは『ユーザログアウトのテスト』でテスト済みになります。 Homeを押すと、自分のユーザ詳細画面に遷移する
     [31mFailure/Error: is_expected.to eq '/users/' + user.id.to_s[0m
     [31m[0m
     [31m  expected: "/users/2"[0m
     [31m       got: "/"[0m
     [31m[0m
     [31m  (compared using ==)[0m
     [36m# ./spec/system/02_after_login_spec.rb:24:in `block (4 levels) in <main>'[0m

  9) [STEP2] ユーザログイン後のテスト 自分の投稿詳細画面のテスト サイドバーの確認 bodyフォームに値が入っていない
     [31mFailure/Error: expect(find_field('book[body]').text).to be_blank[0m
     [31m  expected `"grduz1wslz3qwdoocy6a".blank?` to be truthy, got false[0m
     [36m# ./spec/system/02_after_login_spec.rb:158:in `block (4 levels) in <main>'[0m

  10) [STEP2] ユーザログイン後のテスト 自分の投稿詳細画面のテスト 投稿成功のテスト 自分の新しい投稿が正しく保存される
      [31mFailure/Error: expect { click_button 'Create Book' }.to change(user.books, :count).by(1)[0m
      [31m  expected `Book::ActiveRecord_Associations_CollectionProxy#count` to have changed by 1, but was changed by 0[0m
      [36m# ./spec/system/02_after_login_spec.rb:172:in `block (4 levels) in <main>'[0m

  11) [STEP2] ユーザログイン後のテスト 自分のユーザ詳細画面のテスト 表示の確認 投稿一覧のユーザ画像のリンク先が正しい
      [31mFailure/Error: expect(page).to have_link '', href: user_path(user)[0m
      [31m  expected to find link "" with href "/users/2" but there were no matches[0m
      [36m# ./spec/system/02_after_login_spec.rb:319:in `block (4 levels) in <main>'[0m

  12) [STEP3] 仕上げのテスト 処理失敗時のテスト ユーザ新規登録失敗: nameを1文字にする 新規登録されない
      [31mFailure/Error: expect { click_button 'Sign up' }.not_to change(User.all, :count)[0m
      [31m  expected `User::ActiveRecord_Relation#count` not to have changed, but did change from 2 to 3[0m
      [36m# ./spec/system/03_finishing_touches_spec.rb:82:in `block (4 levels) in <main>'[0m

  13) [STEP3] 仕上げのテスト 処理失敗時のテスト ユーザ新規登録失敗: nameを1文字にする 新規登録画面を表示しており、フォームの内容が正しい
      [31mFailure/Error: expect(page).to have_content 'Sign up'[0m
      [31m  expected to find text "Sign up" in "Bookers\nHome Users Books Log out\nWelcome! You have signed up successfully.\nUser info\nname o introduction\n　\nNew book\nTitle Opinion\nBooks\nTitle Opinion\nCopyRight Infratop.inc"[0m
      [36m# ./spec/system/03_finishing_touches_spec.rb:86:in `block (4 levels) in <main>'[0m

  14) [STEP3] 仕上げのテスト 処理失敗時のテスト ユーザ新規登録失敗: nameを1文字にする バリデーションエラーが表示される
      [31mFailure/Error: expect(page).to have_content "is too short (minimum is 2 characters)"[0m
      [31m  expected to find text "is too short (minimum is 2 characters)" in "Bookers\nHome Users Books Log out\nWelcome! You have signed up successfully.\nUser info\nname p introduction\n　\nNew book\nTitle Opinion\nBooks\nTitle Opinion\nCopyRight Infratop.inc"[0m
      [36m# ./spec/system/03_finishing_touches_spec.rb:92:in `block (4 levels) in <main>'[0m

  15) [STEP3] 仕上げのテスト 処理失敗時のテスト ユーザのプロフィール情報編集失敗: nameを1文字にする 更新されない
      [31mFailure/Error: expect(user.reload.name).to eq @user_old_name[0m
      [31m[0m
      [31m  expected: "tazt9v5epf"[0m
      [31m       got: "i"[0m
      [31m[0m
      [31m  (compared using ==)[0m
      [36m# ./spec/system/03_finishing_touches_spec.rb:110:in `block (4 levels) in <main>'[0m

  16) [STEP3] 仕上げのテスト 処理失敗時のテスト ユーザのプロフィール情報編集失敗: nameを1文字にする ユーザ編集画面を表示しており、フォームの内容が正しい
      [31mFailure/Error: expect(page).to have_field 'user[name]', with: @name[0m
      [31m  expected to find field "user[name]" that is not disabled but there were no matches[0m
      [36m# ./spec/system/03_finishing_touches_spec.rb:113:in `block (4 levels) in <main>'[0m

  17) [STEP3] 仕上げのテスト 処理失敗時のテスト ユーザのプロフィール情報編集失敗: nameを1文字にする バリデーションエラーが表示される
      [31mFailure/Error: expect(page).to have_content "is too short (minimum is 2 characters)"[0m
      [31m  expected to find text "is too short (minimum is 2 characters)" in "Bookers\nHome Users Books Log out\nYou have updated user successfully.\nUser info\nname 6 introduction lvofgtnxqsd1gblf0jzq\n　\nNew book\nTitle Opinion\nBooks\nTitle Opinion 3n3w7 i19ka9ksf930q744ebtf\nCopyRight Infratop.inc"[0m
      [36m# ./spec/system/03_finishing_touches_spec.rb:116:in `block (4 levels) in <main>'[0m

  18) [STEP3] 仕上げのテスト 他人の画面のテスト 他人の投稿詳細画面のテスト サイドバーの確認 他人の名前と紹介文が表示される
      [31mFailure/Error: expect(page).to have_content other_user.introduction[0m
      [31m  expected to find text "4vqq3srlt4xw86l2786s" in "Bookers\nHome Users Books Log out\nUser info\nname z4j4g5mrmg introduction 5qi28j9rsrft60ovuv5i\n　\nNew book\nTitle Opinion acyupexzcnqgztnpgvn7\nBook detail\nix3wphfu3x sp23r acyupexzcnqgztnpgvn7\nCopyRight Infratop.inc"[0m
      [36m# ./spec/system/03_finishing_touches_spec.rb:245:in `block (5 levels) in <main>'[0m

  19) [STEP3] 仕上げのテスト 他人の画面のテスト 他人の投稿詳細画面のテスト サイドバーの確認 他人のユーザ編集画面へのリンクが存在する
      [31mFailure/Error: expect(page).to have_link '', href: edit_user_path(other_user)[0m
      [31m  expected to find link "" with href "/users/1/edit" but there were no matches[0m
      [36m# ./spec/system/03_finishing_touches_spec.rb:248:in `block (5 levels) in <main>'[0m

  20) [STEP3] 仕上げのテスト 他人の画面のテスト 他人の投稿詳細画面のテスト サイドバーの確認 自分の名前と紹介文は表示されない
      [31mFailure/Error: expect(page).not_to have_content user.name[0m
      [31m  expected not to find text "ba37f0e0hk" in "Bookers\nHome Users Books Log out\nUser info\nname ba37f0e0hk introduction maw9wugrnry20g40g43f\n　\nNew book\nTitle Opinion 7qc2r3br552drvfot9dc\nBook detail\nwcebwmp6c3 yerx1 7qc2r3br552drvfot9dc\nCopyRight Infratop.inc"[0m
      [36m# ./spec/system/03_finishing_touches_spec.rb:251:in `block (5 levels) in <main>'[0m

  21) [STEP3] 仕上げのテスト 他人の画面のテスト 他人の投稿詳細画面のテスト サイドバーの確認 自分のユーザ編集画面へのリンクは存在しない
      [31mFailure/Error: expect(page).not_to have_link '', href: edit_user_path(user)[0m
      [31m  expected not to find visible link "" with href "/users/2/edit", found 1 match: ""[0m
      [36m# ./spec/system/03_finishing_touches_spec.rb:255:in `block (5 levels) in <main>'[0m

  22) [STEP3] 仕上げのテスト 他人の画面のテスト 他人のユーザ詳細画面のテスト 表示の確認 投稿一覧のユーザ画像のリンク先が正しい
      [31mFailure/Error: expect(page).to have_link '', href: user_path(other_user)[0m
      [31m  expected to find link "" with href "/users/1" but there were no matches[0m
      [36m# ./spec/system/03_finishing_touches_spec.rb:277:in `block (5 levels) in <main>'[0m

  23) [STEP3] 仕上げのテスト 他人の画面のテスト 他人のユーザ詳細画面のテスト サイドバーの確認 他人の名前と紹介文が表示される
      [31mFailure/Error: expect(page).to have_content other_user.name[0m
      [31m  expected to find text "f3yvpspwh3" in "Bookers\nHome Users Books Log out\nUser info\nname kwxh69ijye introduction d8csrshdfiwhp7yps758\n　\nNew book\nTitle Opinion\nBooks\nTitle Opinion tgsct qlrmkovlq50qugrbpn2z\nCopyRight Infratop.inc"[0m
      [36m# ./spec/system/03_finishing_touches_spec.rb:293:in `block (5 levels) in <main>'[0m

  24) [STEP3] 仕上げのテスト 他人の画面のテスト 他人のユーザ詳細画面のテスト サイドバーの確認 自分の名前と紹介文は表示されない
      [31mFailure/Error: expect(page).not_to have_content user.name[0m
      [31m  expected not to find text "pbe2srqtla" in "Bookers\nHome Users Books Log out\nUser info\nname pbe2srqtla introduction 47u7hm7ic6g2hdoiiht0\n　\nNew book\nTitle Opinion\nBooks\nTitle Opinion aat4j wmqpbj263jjtmqkjgwmr\nCopyRight Infratop.inc"[0m
      [36m# ./spec/system/03_finishing_touches_spec.rb:300:in `block (5 levels) in <main>'[0m

  25) [STEP3] 仕上げのテスト アイコンのテスト トップ画面 本のアイコンが表示される
      [31mFailure/Error: is_expected.to have_selector '.fas.fa-book'[0m
      [31m  expected to find css ".fas.fa-book" but there were no matches[0m
      [36m# ./spec/system/03_finishing_touches_spec.rb:358:in `block (4 levels) in <main>'[0m

  26) [STEP3] 仕上げのテスト アイコンのテスト アバウト画面 本のアイコンが表示される
      [31mFailure/Error: is_expected.to have_selector '.fas.fa-book'[0m
      [31m  expected to find css ".fas.fa-book" but there were no matches[0m
      [36m# ./spec/system/03_finishing_touches_spec.rb:370:in `block (4 levels) in <main>'[0m

Finished in 25.92 seconds (files took 3.16 seconds to load)
[31m199 examples, 26 failures[0m

Failed examples:

[31mrspec ./spec/models/book_spec.rb:26[0m [36m# Bookモデルのテスト バリデーションのテスト bodyカラム 200文字以下であること: 201文字は×[0m
[31mrspec ./spec/models/user_spec.rb:15[0m [36m# Userモデルのテスト バリデーションのテスト nameカラム 2文字以上であること: 1文字は×[0m
[31mrspec ./spec/models/user_spec.rb:27[0m [36m# Userモデルのテスト バリデーションのテスト nameカラム 20文字以下であること: 21文字は×[0m
[31mrspec ./spec/models/user_spec.rb:31[0m [36m# Userモデルのテスト バリデーションのテスト nameカラム 一意性があること[0m
[31mrspec ./spec/models/user_spec.rb:42[0m [36m# Userモデルのテスト バリデーションのテスト introductionカラム 50文字以下であること: 51文字は×[0m
[31mrspec ./spec/system/01_before_login_spec.rb:38[0m [36m# [STEP1] ユーザログイン前のテスト アバウト画面のテスト 表示内容の確認 URLが正しい[0m
[31mrspec ./spec/system/01_before_login_spec.rb:89[0m [36m# [STEP1] ユーザログイン前のテスト ヘッダーのテスト: ログインしていない場合 リンクの内容を確認 Aboutを押すと、アバウト画面に遷移する[0m
[31mrspec ./spec/system/02_after_login_spec.rb:20[0m [36m# [STEP2] ユーザログイン後のテスト ヘッダーのテスト: ログインしている場合 リンクの内容を確認: ※logoutは『ユーザログアウトのテスト』でテスト済みになります。 Homeを押すと、自分のユーザ詳細画面に遷移する[0m
[31mrspec ./spec/system/02_after_login_spec.rb:157[0m [36m# [STEP2] ユーザログイン後のテスト 自分の投稿詳細画面のテスト サイドバーの確認 bodyフォームに値が入っていない[0m
[31mrspec ./spec/system/02_after_login_spec.rb:171[0m [36m# [STEP2] ユーザログイン後のテスト 自分の投稿詳細画面のテスト 投稿成功のテスト 自分の新しい投稿が正しく保存される[0m
[31mrspec ./spec/system/02_after_login_spec.rb:318[0m [36m# [STEP2] ユーザログイン後のテスト 自分のユーザ詳細画面のテスト 表示の確認 投稿一覧のユーザ画像のリンク先が正しい[0m
[31mrspec ./spec/system/03_finishing_touches_spec.rb:81[0m [36m# [STEP3] 仕上げのテスト 処理失敗時のテスト ユーザ新規登録失敗: nameを1文字にする 新規登録されない[0m
[31mrspec ./spec/system/03_finishing_touches_spec.rb:84[0m [36m# [STEP3] 仕上げのテスト 処理失敗時のテスト ユーザ新規登録失敗: nameを1文字にする 新規登録画面を表示しており、フォームの内容が正しい[0m
[31mrspec ./spec/system/03_finishing_touches_spec.rb:90[0m [36m# [STEP3] 仕上げのテスト 処理失敗時のテスト ユーザ新規登録失敗: nameを1文字にする バリデーションエラーが表示される[0m
[31mrspec ./spec/system/03_finishing_touches_spec.rb:109[0m [36m# [STEP3] 仕上げのテスト 処理失敗時のテスト ユーザのプロフィール情報編集失敗: nameを1文字にする 更新されない[0m
[31mrspec ./spec/system/03_finishing_touches_spec.rb:112[0m [36m# [STEP3] 仕上げのテスト 処理失敗時のテスト ユーザのプロフィール情報編集失敗: nameを1文字にする ユーザ編集画面を表示しており、フォームの内容が正しい[0m
[31mrspec ./spec/system/03_finishing_touches_spec.rb:115[0m [36m# [STEP3] 仕上げのテスト 処理失敗時のテスト ユーザのプロフィール情報編集失敗: nameを1文字にする バリデーションエラーが表示される[0m
[31mrspec ./spec/system/03_finishing_touches_spec.rb:243[0m [36m# [STEP3] 仕上げのテスト 他人の画面のテスト 他人の投稿詳細画面のテスト サイドバーの確認 他人の名前と紹介文が表示される[0m
[31mrspec ./spec/system/03_finishing_touches_spec.rb:247[0m [36m# [STEP3] 仕上げのテスト 他人の画面のテスト 他人の投稿詳細画面のテスト サイドバーの確認 他人のユーザ編集画面へのリンクが存在する[0m
[31mrspec ./spec/system/03_finishing_touches_spec.rb:250[0m [36m# [STEP3] 仕上げのテスト 他人の画面のテスト 他人の投稿詳細画面のテスト サイドバーの確認 自分の名前と紹介文は表示されない[0m
[31mrspec ./spec/system/03_finishing_touches_spec.rb:254[0m [36m# [STEP3] 仕上げのテスト 他人の画面のテスト 他人の投稿詳細画面のテスト サイドバーの確認 自分のユーザ編集画面へのリンクは存在しない[0m
[31mrspec ./spec/system/03_finishing_touches_spec.rb:276[0m [36m# [STEP3] 仕上げのテスト 他人の画面のテスト 他人のユーザ詳細画面のテスト 表示の確認 投稿一覧のユーザ画像のリンク先が正しい[0m
[31mrspec ./spec/system/03_finishing_touches_spec.rb:292[0m [36m# [STEP3] 仕上げのテスト 他人の画面のテスト 他人のユーザ詳細画面のテスト サイドバーの確認 他人の名前と紹介文が表示される[0m
[31mrspec ./spec/system/03_finishing_touches_spec.rb:299[0m [36m# [STEP3] 仕上げのテスト 他人の画面のテスト 他人のユーザ詳細画面のテスト サイドバーの確認 自分の名前と紹介文は表示されない[0m
[31mrspec ./spec/system/03_finishing_touches_spec.rb:357[0m [36m# [STEP3] 仕上げのテスト アイコンのテスト トップ画面 本のアイコンが表示される[0m
[31mrspec ./spec/system/03_finishing_touches_spec.rb:369[0m [36m# [STEP3] 仕上げのテスト アイコンのテスト アバウト画面 本のアイコンが表示される[0m

